(ARCTools Version 2.1.2)
 HexLoc     DecLoc    MachWord   Label        Instruction                Comment
00000000  0000000000  10800035                ba 53                      
                                                                         
00000004  0000000004  81c3e004  callReturn:   jmpl %r15, 4, %r0          
                                                                         
00000008  0000000008  03200000  lbvs:         sethi 2097152, %r1         
0000000c  0000000012  82804001                addcc %r1, %r1, %r1        
00000010  0000000016  0ebffffd                bvs -3                     
                                                                         
00000014  0000000020  80800000  lbvc:         addcc %r0, %r0, %r0        
00000018  0000000024  1ebffffc                bvc -4                     
                                                                         
0000001c  0000000028  03200000  lbneg:        sethi 2097152, %r1         
00000020  0000000032  84800001                addcc %r0, %r1, %r2        
00000024  0000000036  0cbffffc                bneg -4                    
                                                                         
00000028  0000000040  80800000  lbpos:        addcc %r0, %r0, %r0        
0000002c  0000000044  1cbffffc                bpos -4                    
                                                                         
00000030  0000000048  82003fff  lbcs:         add %r0, -1, %r1           
00000034  0000000052  86806032                addcc %r1, 50, %r3         
00000038  0000000056  0abffffc                bcs -4                     
                                                                         
0000003c  0000000060  80800000  lbcc:         addcc %r0, %r0, %r0        
00000040  0000000064  1abffffc                bcc -4                     
                                                                         
00000044  0000000068  82003ffd  lbleu2:       add %r0, -3, %r1           
00000048  0000000072  86a07ffd                subcc %r1, -3, %r3         
0000004c  0000000076  08bffffc                bleu -4                    
                                                                         
00000050  0000000080  82002003  lbleu1:       add %r0, 3, %r1            
00000054  0000000084  86a06008                subcc %r1, 8, %r3          
00000058  0000000088  08bffffb                bleu -5                    
                                                                         
0000005c  0000000092  82003fff  lbgu:         add %r0, -1, %r1           
00000060  0000000096  86a06003                subcc %r1, 3, %r3          
00000064  0000000100  18bffffb                bgu -5                     
                                                                         
00000068  0000000104  82002003  lbl:          add %r0, 3, %r1            
0000006c  0000000108  86a06008                subcc %r1, 8, %r3          
00000070  0000000112  06bffffb                bl -5                      
                                                                         
00000074  0000000116  82002007  lbge2:        add %r0, 7, %r1            
00000078  0000000120  86a06003                subcc %r1, 3, %r3          
0000007c  0000000124  16bffffb                bge -5                     
                                                                         
00000080  0000000128  82002007  lbge1:        add %r0, 7, %r1            
00000084  0000000132  86a06007                subcc %r1, 7, %r3          
00000088  0000000136  16bffffb                bge -5                     
                                                                         
0000008c  0000000140  82003ffd  lble2:        add %r0, -3, %r1           
00000090  0000000144  86a07ffd                subcc %r1, -3, %r3         
00000094  0000000148  04bffffb                ble -5                     
                                                                         
00000098  0000000152  82002003  lble1:        add %r0, 3, %r1            
0000009c  0000000156  86a06008                subcc %r1, 8, %r3          
000000a0  0000000160  04bffffb                ble -5                     
                                                                         
000000a4  0000000164  82003fff  lbg2:         add %r0, -1, %r1           
000000a8  0000000168  86a07ffb                subcc %r1, -5, %r3         
000000ac  0000000172  14bffffb                bg -5                      
                                                                         
000000b0  0000000176  82002005  lbg1:         add %r0, 5, %r1            
000000b4  0000000180  86a06002                subcc %r1, 2, %r3          
000000b8  0000000184  14bffffb                bg -5                      
                                                                         
000000bc  0000000188  80980000  lbe:          xorcc %r0, %r0, %r0        
000000c0  0000000192  02bffffc                be -4                      
                                                                         
000000c4  0000000196  00800001  lbn:          bn 1                       
                                                                         
000000c8  0000000200  82802001  lbne:         addcc %r0, 1, %r1          
000000cc  0000000204  12bffffc                bne -4                     
                                                                         
000000d0  0000000208  10bffffd  lba:          ba -3                      
                                                                         
000000d4  0000000212  7fffffff  callBranch:   call -1                    
000000d8  0000000216  ffffffff                halt                       

--- Symbol Table ---
lbvs: 8
lba: 208
callBranch: 212
lbneg: 28
lble2: 140
lbg2: 164
lble1: 152
lbg1: 176
lbvc: 20
lbleu2: 68
lbleu1: 80
lbpos: 40
lbge2: 116
lbcs: 48
lbge1: 128
lbne: 200
lbn: 196
lbl: 104
callReturn: 4
lbgu: 92
lbcc: 60
lbe: 188
