(ARCTools Version 2.1.2)
 HexLoc     DecLoc    MachWord   Label        Instruction                Comment
00000000  0000000000  0000138c  z:                                       
00000004  0000000004  00000001  one:                                     
00000008  0000000008  00000a18  limit:                                   
                                                                         
                                              .org 2048                  
                                              .equ 3000                  
00000800  0000002048  c2002004                ld [4], %r1                
00000804  0000002052  c6002008                ld [8], %r3                
00000808  0000002056  82804002  SEC1:         addcc %r1, %r2, %r1        
0000080c  0000002060  c2202008                st %r1, [8]                
00000810  0000002064  10800001                ba 1                       
00000814  0000002068  84804002  SEC2:         addcc %r1, %r2, %r2        
00000818  0000002072  c4202008                st %r2, [8]                
0000081c  0000002076  10bffffb                ba -5                      
00000820  0000002080  83c3e800                jmpl %r15, 2048, %r1       
00000824  0000002084  ffffffff                halt                       

--- Symbol Table ---
limit: 8
a_start: 3000
one: 4
SEC2: 2068
z: 0
SEC1: 2056
